[2020-11-24 21:28:11.027] [sharedprocess] [info] main {"machineId":"64029b3b2a5f66e8811bc8de3bcf2f80ebbef5d5f843eee4cc4f73340f414595","windowId":2}
[2020-11-24 21:28:14.207] [sharedprocess] [info] Installing extension: dracula-theme.theme-dracula
[2020-11-24 21:28:14.207] [sharedprocess] [info] Installing extension: esbenp.prettier-vscode
[2020-11-24 21:28:14.207] [sharedprocess] [info] Installing extension: ms-python.python
[2020-11-24 21:28:14.208] [sharedprocess] [info] Installing extension: ms-toolsai.jupyter
[2020-11-24 21:28:17.879] [sharedprocess] [info] Downloaded extension: dracula-theme.theme-dracula undefined
[2020-11-24 21:28:17.938] [sharedprocess] [info] Extracted extension to /home/coolpp/.vscode/extensions/.dracula-theme.theme-dracula-2.22.3: dracula-theme.theme-dracula
[2020-11-24 21:28:17.938] [sharedprocess] [info] Renamed to /home/coolpp/.vscode/extensions/dracula-theme.theme-dracula-2.22.3
[2020-11-24 21:28:17.939] [sharedprocess] [info] Installation completed. dracula-theme.theme-dracula
[2020-11-24 21:28:17.947] [sharedprocess] [info] Extensions installed successfully: dracula-theme.theme-dracula
[2020-11-24 21:28:20.341] [sharedprocess] [info] Installing extension: rust-lang.rust
[2020-11-24 21:28:26.173] [sharedprocess] [info] Downloaded extension: esbenp.prettier-vscode undefined
[2020-11-24 21:28:26.807] [sharedprocess] [info] Extracted extension to /home/coolpp/.vscode/extensions/.esbenp.prettier-vscode-5.8.0: esbenp.prettier-vscode
[2020-11-24 21:28:26.808] [sharedprocess] [info] Renamed to /home/coolpp/.vscode/extensions/esbenp.prettier-vscode-5.8.0
[2020-11-24 21:28:26.809] [sharedprocess] [info] Installation completed. esbenp.prettier-vscode
[2020-11-24 21:28:26.825] [sharedprocess] [info] Extensions installed successfully: esbenp.prettier-vscode
[2020-11-24 21:28:27.465] [sharedprocess] [info] Downloaded extension: rust-lang.rust undefined
[2020-11-24 21:28:27.651] [sharedprocess] [info] Extracted extension to /home/coolpp/.vscode/extensions/.rust-lang.rust-0.7.8: rust-lang.rust
[2020-11-24 21:28:27.651] [sharedprocess] [info] Renamed to /home/coolpp/.vscode/extensions/rust-lang.rust-0.7.8
[2020-11-24 21:28:27.653] [sharedprocess] [info] Installation completed. rust-lang.rust
[2020-11-24 21:28:27.657] [sharedprocess] [info] Extensions installed successfully: rust-lang.rust
[2020-11-24 21:28:42.954] [sharedprocess] [info] Downloaded extension: ms-python.python undefined
[2020-11-24 21:28:46.462] [sharedprocess] [info] Downloaded extension: ms-toolsai.jupyter undefined
[2020-11-24 21:28:47.131] [sharedprocess] [info] Extracted extension to /home/coolpp/.vscode/extensions/.ms-python.python-2020.11.371526539: ms-python.python
[2020-11-24 21:28:47.131] [sharedprocess] [info] Renamed to /home/coolpp/.vscode/extensions/ms-python.python-2020.11.371526539
[2020-11-24 21:28:47.138] [sharedprocess] [info] Installation completed. ms-python.python
[2020-11-24 21:28:47.213] [sharedprocess] [info] Extensions installed successfully: ms-python.python
[2020-11-24 21:28:48.448] [sharedprocess] [info] Extracted extension to /home/coolpp/.vscode/extensions/.ms-toolsai.jupyter-2020.11.372831992: ms-toolsai.jupyter
[2020-11-24 21:28:48.448] [sharedprocess] [info] Renamed to /home/coolpp/.vscode/extensions/ms-toolsai.jupyter-2020.11.372831992
[2020-11-24 21:28:48.450] [sharedprocess] [info] Installation completed. ms-toolsai.jupyter
[2020-11-24 21:28:48.459] [sharedprocess] [info] Extensions installed successfully: ms-toolsai.jupyter
[2020-11-24 21:28:51.074] [sharedprocess] [info] Starting to clean up unused language packs.
