[2020-11-25 19:56:08.720] [renderer1] [error] Unable to load and parse grammar for scope source.cython from file:///home/coolpp/.vscode/extensions/tcwalther.cython-0.1.0/syntaxes/cython.tmLanguage {"fileOperationResult":1,"options":{"preferUnbuffered":true}}
[2020-11-25 19:56:08.722] [renderer1] [error] No grammar provided for <source.cython>: Error: No grammar provided for <source.cython>
    at e._collectDependenciesForDep (/usr/share/code/resources/app/node_modules.asar/vscode-textmate/release/main.js:1:25272)
    at e.<anonymous> (/usr/share/code/resources/app/node_modules.asar/vscode-textmate/release/main.js:1:25768)
    at /usr/share/code/resources/app/node_modules.asar/vscode-textmate/release/main.js:1:23299
    at Object.next (/usr/share/code/resources/app/node_modules.asar/vscode-textmate/release/main.js:1:23404)
    at s (/usr/share/code/resources/app/node_modules.asar/vscode-textmate/release/main.js:1:22118)
[2020-11-25 19:57:19.480] [renderer1] [error] An unknown error occurred. Please consult the log for more details.
[2020-11-25 19:57:33.216] [renderer1] [error] An unknown error occurred. Please consult the log for more details.
[2020-11-25 19:58:12.535] [renderer1] [error] An unknown error occurred. Please consult the log for more details.
[2020-11-25 19:58:16.574] [renderer1] [error] An unknown error occurred. Please consult the log for more details.
[2020-11-25 19:58:40.090] [renderer1] [error] An unknown error occurred. Please consult the log for more details.
[2020-11-25 19:59:41.749] [renderer1] [error] An unknown error occurred. Please consult the log for more details.
[2020-11-25 20:02:11.238] [renderer1] [error] An unknown error occurred. Please consult the log for more details.
[2020-11-25 20:02:16.480] [renderer1] [error] An unknown error occurred. Please consult the log for more details.
[2020-11-25 20:03:09.007] [renderer1] [error] An unknown error occurred. Please consult the log for more details.
[2020-11-25 20:03:20.499] [renderer1] [error] An unknown error occurred. Please consult the log for more details.
[2020-11-25 20:03:23.142] [renderer1] [error] An unknown error occurred. Please consult the log for more details.
[2020-11-25 20:03:29.372] [renderer1] [error] An unknown error occurred. Please consult the log for more details.
[2020-11-25 20:03:35.052] [renderer1] [error] An unknown error occurred. Please consult the log for more details.
[2020-11-25 20:03:40.613] [renderer1] [error] An unknown error occurred. Please consult the log for more details.
[2020-11-25 20:03:43.710] [renderer1] [error] An unknown error occurred. Please consult the log for more details.
[2020-11-25 20:03:55.162] [renderer1] [error] An unknown error occurred. Please consult the log for more details.
[2020-11-25 20:04:01.937] [renderer1] [error] An unknown error occurred. Please consult the log for more details.
[2020-11-25 20:04:12.047] [renderer1] [error] An unknown error occurred. Please consult the log for more details.
[2020-11-25 20:04:15.571] [renderer1] [error] An unknown error occurred. Please consult the log for more details.
[2020-11-25 20:04:32.263] [renderer1] [error] An unknown error occurred. Please consult the log for more details.
[2020-11-25 20:04:42.648] [renderer1] [error] An unknown error occurred. Please consult the log for more details.
[2020-11-25 20:04:47.539] [renderer1] [error] An unknown error occurred. Please consult the log for more details.
[2020-11-25 20:05:02.361] [renderer1] [error] An unknown error occurred. Please consult the log for more details.
[2020-11-25 20:05:07.748] [renderer1] [error] An unknown error occurred. Please consult the log for more details.
[2020-11-25 20:05:45.924] [renderer1] [error] An unknown error occurred. Please consult the log for more details.
[2020-11-25 20:05:59.460] [renderer1] [error] An unknown error occurred. Please consult the log for more details.
[2020-11-25 20:06:04.004] [renderer1] [error] An unknown error occurred. Please consult the log for more details.
[2020-11-25 20:06:08.070] [renderer1] [error] An unknown error occurred. Please consult the log for more details.
[2020-11-25 20:06:29.279] [renderer1] [error] An unknown error occurred. Please consult the log for more details.
[2020-11-25 20:06:33.372] [renderer1] [error] An unknown error occurred. Please consult the log for more details.
[2020-11-25 20:06:43.833] [renderer1] [error] An unknown error occurred. Please consult the log for more details.
[2020-11-25 20:07:17.548] [renderer1] [error] An unknown error occurred. Please consult the log for more details.
[2020-11-25 20:07:39.216] [renderer1] [error] An unknown error occurred. Please consult the log for more details.
[2020-11-25 20:12:52.322] [renderer1] [error] An unknown error occurred. Please consult the log for more details.
[2020-11-25 20:12:55.915] [renderer1] [error] An unknown error occurred. Please consult the log for more details.
[2020-11-25 20:13:04.366] [renderer1] [error] An unknown error occurred. Please consult the log for more details.
[2020-11-25 20:13:26.311] [renderer1] [error] An unknown error occurred. Please consult the log for more details.
[2020-11-25 20:13:32.342] [renderer1] [error] An unknown error occurred. Please consult the log for more details.
[2020-11-25 20:14:06.120] [renderer1] [error] An unknown error occurred. Please consult the log for more details.
[2020-11-25 20:14:10.351] [renderer1] [error] An unknown error occurred. Please consult the log for more details.
[2020-11-25 20:14:25.194] [renderer1] [error] An unknown error occurred. Please consult the log for more details.
[2020-11-25 20:14:29.823] [renderer1] [error] An unknown error occurred. Please consult the log for more details.
[2020-11-25 20:21:31.823] [renderer1] [error] An unknown error occurred. Please consult the log for more details.
[2020-11-25 20:21:35.726] [renderer1] [error] An unknown error occurred. Please consult the log for more details.
[2020-11-25 20:21:40.265] [renderer1] [error] An unknown error occurred. Please consult the log for more details.
[2020-11-25 20:22:11.807] [renderer1] [error] An unknown error occurred. Please consult the log for more details.
[2020-11-25 20:23:34.448] [renderer1] [error] An unknown error occurred. Please consult the log for more details.
[2020-11-25 20:24:06.083] [renderer1] [error] An unknown error occurred. Please consult the log for more details.
[2020-11-25 20:24:13.018] [renderer1] [error] An unknown error occurred. Please consult the log for more details.
[2020-11-25 20:24:16.967] [renderer1] [error] An unknown error occurred. Please consult the log for more details.
[2020-11-25 20:24:21.903] [renderer1] [error] An unknown error occurred. Please consult the log for more details.
[2020-11-25 20:24:36.277] [renderer1] [error] An unknown error occurred. Please consult the log for more details.
[2020-11-25 20:24:50.943] [renderer1] [error] An unknown error occurred. Please consult the log for more details.
[2020-11-25 20:25:06.177] [renderer1] [error] An unknown error occurred. Please consult the log for more details.
[2020-11-25 20:25:15.047] [renderer1] [error] An unknown error occurred. Please consult the log for more details.
[2020-11-25 20:25:21.713] [renderer1] [error] An unknown error occurred. Please consult the log for more details.
[2020-11-25 20:26:30.889] [renderer1] [error] An unknown error occurred. Please consult the log for more details.
[2020-11-25 20:30:51.795] [renderer1] [error] An unknown error occurred. Please consult the log for more details.
