Looking for git in: git
Using git 2.17.1 from git
> git rev-parse --git-dir
Open repository: /home/coolpp/repo/Yt-downloader
> git status -z -u
> git symbolic-ref --short HEAD
> git rev-parse master
> git rev-parse --symbolic-full-name master@{u}
> git rev-list --left-right master...refs/remotes/origin/master
> git for-each-ref --sort -committerdate --format %(refname) %(objectname)
> git remote --verbose
> git config --get commit.template
> git check-ignore -v -z --stdin
> git show --textconv :Ytdownloader_oop.py
> git ls-files --stage -- /home/coolpp/repo/Yt-downloader/Ytdownloader_oop.py
> git show --textconv :Ytdownloader.py
> git ls-files --stage -- /home/coolpp/repo/Yt-downloader/Ytdownloader.py
> git cat-file -s fe7a0788510b76586537207840e61ed5cbe4f731
> git show --textconv :Ytdownloader_oop.py
> git ls-files --stage -- /home/coolpp/repo/Yt-downloader/Ytdownloader_oop.py
> git status -z -u
> git symbolic-ref --short HEAD
> git rev-parse playlist
> git rev-parse --symbolic-full-name playlist@{u}
fatal: no upstream configured for branch 'playlist'
> git for-each-ref --sort -committerdate --format %(refname) %(objectname)
> git remote --verbose
> git config --get commit.template
> git ls-files --stage -- /home/coolpp/repo/Yt-downloader/Ytdownloader_oop.py
> git show --textconv :Ytdownloader_oop.py
> git show --textconv :Ytdownloader.py
> git ls-files --stage -- /home/coolpp/repo/Yt-downloader/Ytdownloader.py
> git cat-file -s fe7a0788510b76586537207840e61ed5cbe4f731
> git status -z -u
> git symbolic-ref --short HEAD
> git rev-parse playlist
> git rev-parse --symbolic-full-name playlist@{u}
fatal: no upstream configured for branch 'playlist'
> git for-each-ref --sort -committerdate --format %(refname) %(objectname)
> git remote --verbose
> git config --get commit.template
> git status -z -u
> git symbolic-ref --short HEAD
> git rev-parse playlist
> git rev-parse --symbolic-full-name playlist@{u}
fatal: no upstream configured for branch 'playlist'
> git for-each-ref --sort -committerdate --format %(refname) %(objectname)
> git remote --verbose
> git config --get commit.template
> git check-ignore -v -z --stdin
> git status -z -u
> git symbolic-ref --short HEAD
> git rev-parse playlist
> git rev-parse --symbolic-full-name playlist@{u}
fatal: no upstream configured for branch 'playlist'
> git for-each-ref --sort -committerdate --format %(refname) %(objectname)
> git remote --verbose
> git config --get commit.template
> git log --format=%H%n%aN%n%aE%n%at%n%ct%n%P%n%B -z -n21 -- /home/coolpp/repo/Yt-downloader/Jab Diwali Pe Sare Tede Kaam Khud Karne Padte Hai.mp4
> git show --textconv :Ytdownloader.py
> git ls-files --stage -- /home/coolpp/repo/Yt-downloader/Ytdownloader.py
> git cat-file -s fe7a0788510b76586537207840e61ed5cbe4f731
> git status -z -u
> git symbolic-ref --short HEAD
> git rev-parse playlist
> git rev-parse --symbolic-full-name playlist@{u}
fatal: no upstream configured for branch 'playlist'
> git for-each-ref --sort -committerdate --format %(refname) %(objectname)
> git remote --verbose
> git config --get commit.template
> git show --textconv :Ytdownloader_oop.py
> git ls-files --stage -- /home/coolpp/repo/Yt-downloader/Ytdownloader_oop.py
> git show --textconv :Ytdownloader.py
> git ls-files --stage -- /home/coolpp/repo/Yt-downloader/Ytdownloader.py
> git cat-file -s fe7a0788510b76586537207840e61ed5cbe4f731
> git status -z -u
> git symbolic-ref --short HEAD
> git rev-parse playlist
> git rev-parse --symbolic-full-name playlist@{u}
fatal: no upstream configured for branch 'playlist'
> git for-each-ref --sort -committerdate --format %(refname) %(objectname)
> git remote --verbose
> git config --get commit.template
> git check-ignore -v -z --stdin
> git status -z -u
> git symbolic-ref --short HEAD
> git rev-parse playlist
> git rev-parse --symbolic-full-name playlist@{u}
fatal: no upstream configured for branch 'playlist'
> git for-each-ref --sort -committerdate --format %(refname) %(objectname)
> git remote --verbose
> git config --get commit.template
> git check-ignore -v -z --stdin
> git log --format=%H%n%aN%n%aE%n%at%n%ct%n%P%n%B -z -n21 -- /home/coolpp/repo/Yt-downloader/E:/chatbot/Jab Diwali Pe Sare Tede Kaam Khud Karne Padte Hai.mp4
> git status -z -u
> git symbolic-ref --short HEAD
> git rev-parse playlist
> git rev-parse --symbolic-full-name playlist@{u}
fatal: no upstream configured for branch 'playlist'
> git for-each-ref --sort -committerdate --format %(refname) %(objectname)
> git remote --verbose
> git config --get commit.template
> git show --textconv :Ytdownloader.py
> git ls-files --stage -- /home/coolpp/repo/Yt-downloader/Ytdownloader.py
> git cat-file -s fe7a0788510b76586537207840e61ed5cbe4f731
> git status -z -u
> git symbolic-ref --short HEAD
> git rev-parse playlist
> git rev-parse --symbolic-full-name playlist@{u}
fatal: no upstream configured for branch 'playlist'
> git for-each-ref --sort -committerdate --format %(refname) %(objectname)
> git remote --verbose
> git config --get commit.template
