[2020-11-23 21:44:10.295] [renderer1] [error] Network Error: Error: Network Error
    at e.exports (/usr/share/code/resources/app/node_modules.asar/tas-client-umd/lib/tas-client-umd.js:1:7511)
    at XMLHttpRequest.p.onerror (/usr/share/code/resources/app/node_modules.asar/tas-client-umd/lib/tas-client-umd.js:1:6478)
[2020-11-23 21:44:10.329] [renderer1] [error] net::ERR_INTERNET_DISCONNECTED: Error: net::ERR_INTERNET_DISCONNECTED
    at SimpleURLLoaderWrapper.<anonymous> (electron/js2c/browser_init.js:105:6395)
    at SimpleURLLoaderWrapper.emit (events.js:223:5)
[2020-11-23 21:44:30.044] [renderer1] [error] Network Error: Error: Network Error
    at e.exports (/usr/share/code/resources/app/node_modules.asar/tas-client-umd/lib/tas-client-umd.js:1:7511)
    at XMLHttpRequest.p.onerror (/usr/share/code/resources/app/node_modules.asar/tas-client-umd/lib/tas-client-umd.js:1:6478)
[2020-11-23 21:44:30.285] [renderer1] [error] net::ERR_INTERNET_DISCONNECTED: Error: net::ERR_INTERNET_DISCONNECTED
    at SimpleURLLoaderWrapper.<anonymous> (electron/js2c/browser_init.js:105:6395)
    at SimpleURLLoaderWrapper.emit (events.js:223:5)
[2020-11-23 21:57:15.519] [renderer1] [error] Unable to load and parse grammar for scope source.cython from file:///home/coolpp/.vscode/extensions/tcwalther.cython-0.1.0/syntaxes/cython.tmLanguage {"fileOperationResult":1,"options":{"preferUnbuffered":true}}
[2020-11-23 21:57:15.520] [renderer1] [error] No grammar provided for <source.cython>: Error: No grammar provided for <source.cython>
    at e._collectDependenciesForDep (/usr/share/code/resources/app/node_modules.asar/vscode-textmate/release/main.js:1:25272)
    at e.<anonymous> (/usr/share/code/resources/app/node_modules.asar/vscode-textmate/release/main.js:1:25768)
    at /usr/share/code/resources/app/node_modules.asar/vscode-textmate/release/main.js:1:23299
    at Object.next (/usr/share/code/resources/app/node_modules.asar/vscode-textmate/release/main.js:1:23404)
    at s (/usr/share/code/resources/app/node_modules.asar/vscode-textmate/release/main.js:1:22118)
[2020-11-23 21:57:23.156] [renderer1] [error] XHR failed: Error: XHR failed
    at XMLHttpRequest.s.onerror (file:///usr/share/code/resources/app/out/vs/workbench/workbench.desktop.main.js:489:877)
[2020-11-23 21:57:32.772] [renderer1] [error] XHR failed: Error: XHR failed
    at XMLHttpRequest.s.onerror (file:///usr/share/code/resources/app/out/vs/workbench/workbench.desktop.main.js:489:877)
