[2020-11-25 19:56:08.821] [exthost] [info] extension host started
[2020-11-25 19:56:08.871] [exthost] [info] ExtensionService#_doActivateExtension vscode.microsoft-authentication {"startup":false,"extensionId":{"value":"vscode.microsoft-authentication","_lower":"vscode.microsoft-authentication"},"activationEvent":"onAuthenticationRequest:microsoft"}
[2020-11-25 19:56:08.871] [exthost] [info] ExtensionService#loadCommonJSModule file:///usr/share/code/resources/app/extensions/microsoft-authentication/dist/extension.js
[2020-11-25 19:56:08.884] [exthost] [info] ExtensionService#_doActivateExtension vscode.debug-auto-launch {"startup":true,"extensionId":{"value":"vscode.debug-auto-launch","_lower":"vscode.debug-auto-launch"},"activationEvent":"*"}
[2020-11-25 19:56:08.884] [exthost] [info] ExtensionService#loadCommonJSModule file:///usr/share/code/resources/app/extensions/debug-auto-launch/dist/extension
[2020-11-25 19:56:08.886] [exthost] [info] ExtensionService#_doActivateExtension vscode.emmet {"startup":true,"extensionId":{"value":"vscode.emmet","_lower":"vscode.emmet"},"activationEvent":"*"}
[2020-11-25 19:56:08.886] [exthost] [info] ExtensionService#loadCommonJSModule file:///usr/share/code/resources/app/extensions/emmet/dist/node/emmetNodeMain
[2020-11-25 19:56:08.901] [exthost] [info] ExtensionService#_doActivateExtension vscode.git {"startup":true,"extensionId":{"value":"vscode.github","_lower":"vscode.github"},"activationEvent":"*"}
[2020-11-25 19:56:08.901] [exthost] [info] ExtensionService#loadCommonJSModule file:///usr/share/code/resources/app/extensions/git/dist/main
[2020-11-25 19:56:08.919] [exthost] [info] ExtensionService#_doActivateExtension vscode.merge-conflict {"startup":true,"extensionId":{"value":"vscode.merge-conflict","_lower":"vscode.merge-conflict"},"activationEvent":"*"}
[2020-11-25 19:56:08.919] [exthost] [info] ExtensionService#loadCommonJSModule file:///usr/share/code/resources/app/extensions/merge-conflict/dist/mergeConflictMain
[2020-11-25 19:56:08.922] [exthost] [info] ExtensionService#_doActivateExtension vscode.search-result {"startup":true,"extensionId":{"value":"vscode.search-result","_lower":"vscode.search-result"},"activationEvent":"*"}
[2020-11-25 19:56:08.922] [exthost] [info] ExtensionService#loadCommonJSModule file:///usr/share/code/resources/app/extensions/search-result/dist/extension.js
[2020-11-25 19:56:09.036] [exthost] [info] ExtensionService#_doActivateExtension vscode.github {"startup":true,"extensionId":{"value":"vscode.github","_lower":"vscode.github"},"activationEvent":"*"}
[2020-11-25 19:56:09.036] [exthost] [info] ExtensionService#loadCommonJSModule file:///usr/share/code/resources/app/extensions/github/dist/extension.js
[2020-11-25 19:56:09.106] [exthost] [info] ExtensionService#_doActivateExtension ms-vscode.js-debug {"startup":false,"extensionId":{"value":"ms-vscode.js-debug","_lower":"ms-vscode.js-debug"},"activationEvent":"onCommand:extension.js-debug.clearAutoAttachVariables"}
[2020-11-25 19:56:09.106] [exthost] [info] ExtensionService#loadCommonJSModule file:///usr/share/code/resources/app/extensions/ms-vscode.js-debug/src/extension.js
[2020-11-25 19:56:09.250] [exthost] [info] eager extensions activated
[2020-11-25 19:56:09.263] [exthost] [info] ExtensionService#_doActivateExtension esbenp.prettier-vscode {"startup":false,"extensionId":{"value":"esbenp.prettier-vscode","_lower":"esbenp.prettier-vscode"},"activationEvent":"onStartupFinished"}
[2020-11-25 19:56:09.265] [exthost] [info] ExtensionService#loadCommonJSModule file:///home/coolpp/.vscode/extensions/esbenp.prettier-vscode-5.8.0/dist/extension
[2020-11-25 19:56:09.439] [exthost] [info] ExtensionService#_doActivateExtension vscode.github-authentication {"startup":false,"extensionId":{"value":"vscode.github-authentication","_lower":"vscode.github-authentication"},"activationEvent":"onAuthenticationRequest:github"}
[2020-11-25 19:56:09.439] [exthost] [info] ExtensionService#loadCommonJSModule file:///usr/share/code/resources/app/extensions/github-authentication/dist/extension.js
[2020-11-25 19:56:26.064] [exthost] [info] ExtensionService#_doActivateExtension ms-vscode.cpptools {"startup":false,"extensionId":{"value":"ms-vscode.cpptools","_lower":"ms-vscode.cpptools"},"activationEvent":"*"}
[2020-11-25 19:56:26.064] [exthost] [info] ExtensionService#loadCommonJSModule file:///home/coolpp/.vscode/extensions/ms-vscode.cpptools-1.1.2/dist/main
[2020-11-25 19:56:45.542] [exthost] [warning] ms-vscode.cpptools - Code actions of kind 'quickfix 'requested but returned code action does not have a 'kind'. Code action will be dropped. Please set 'CodeAction.kind'.
[2020-11-25 19:56:58.053] [exthost] [warning] ms-vscode.cpptools - Code actions of kind 'quickfix 'requested but returned code action does not have a 'kind'. Code action will be dropped. Please set 'CodeAction.kind'.
[2020-11-25 19:57:11.518] [exthost] [warning] ms-vscode.cpptools - Code actions of kind 'quickfix 'requested but returned code action does not have a 'kind'. Code action will be dropped. Please set 'CodeAction.kind'.
[2020-11-25 19:57:19.473] [exthost] [error] [ms-vscode.cpptools] provider FAILED
[2020-11-25 19:57:19.473] [exthost] [error] undefined
[2020-11-25 19:57:33.214] [exthost] [error] [ms-vscode.cpptools] provider FAILED
[2020-11-25 19:57:33.214] [exthost] [error] undefined
[2020-11-25 19:57:52.109] [exthost] [warning] ms-vscode.cpptools - Code actions of kind 'quickfix 'requested but returned code action does not have a 'kind'. Code action will be dropped. Please set 'CodeAction.kind'.
[2020-11-25 19:57:52.109] [exthost] [warning] ms-vscode.cpptools - Code actions of kind 'quickfix 'requested but returned code action does not have a 'kind'. Code action will be dropped. Please set 'CodeAction.kind'.
[2020-11-25 19:58:00.066] [exthost] [warning] ms-vscode.cpptools - Code actions of kind 'quickfix 'requested but returned code action does not have a 'kind'. Code action will be dropped. Please set 'CodeAction.kind'.
[2020-11-25 19:58:12.534] [exthost] [error] [ms-vscode.cpptools] provider FAILED
[2020-11-25 19:58:12.534] [exthost] [error] undefined
[2020-11-25 19:58:16.568] [exthost] [error] [ms-vscode.cpptools] provider FAILED
[2020-11-25 19:58:16.568] [exthost] [error] undefined
[2020-11-25 19:58:29.958] [exthost] [warning] ms-vscode.cpptools - Code actions of kind 'quickfix 'requested but returned code action does not have a 'kind'. Code action will be dropped. Please set 'CodeAction.kind'.
[2020-11-25 19:58:40.088] [exthost] [error] [ms-vscode.cpptools] provider FAILED
[2020-11-25 19:58:40.088] [exthost] [error] undefined
[2020-11-25 19:58:43.769] [exthost] [warning] ms-vscode.cpptools - Code actions of kind 'quickfix 'requested but returned code action does not have a 'kind'. Code action will be dropped. Please set 'CodeAction.kind'.
[2020-11-25 19:58:49.147] [exthost] [warning] ms-vscode.cpptools - Code actions of kind 'quickfix 'requested but returned code action does not have a 'kind'. Code action will be dropped. Please set 'CodeAction.kind'.
[2020-11-25 19:58:56.995] [exthost] [info] ExtensionService#_doActivateExtension formulahendry.code-runner {"startup":false,"extensionId":{"value":"formulahendry.code-runner","_lower":"formulahendry.code-runner"},"activationEvent":"onCommand:code-runner.run"}
[2020-11-25 19:58:56.996] [exthost] [info] ExtensionService#loadCommonJSModule file:///home/coolpp/.vscode/extensions/formulahendry.code-runner-0.11.1/out/src/extension
[2020-11-25 19:59:41.744] [exthost] [error] [ms-vscode.cpptools] provider FAILED
[2020-11-25 19:59:41.744] [exthost] [error] undefined
[2020-11-25 20:01:16.844] [exthost] [warning] ms-vscode.cpptools - Code actions of kind 'quickfix 'requested but returned code action does not have a 'kind'. Code action will be dropped. Please set 'CodeAction.kind'.
[2020-11-25 20:02:11.236] [exthost] [error] [ms-vscode.cpptools] provider FAILED
[2020-11-25 20:02:11.236] [exthost] [error] undefined
[2020-11-25 20:02:16.477] [exthost] [error] [ms-vscode.cpptools] provider FAILED
[2020-11-25 20:02:16.477] [exthost] [error] undefined
[2020-11-25 20:02:22.185] [exthost] [warning] ms-vscode.cpptools - Code actions of kind 'quickfix 'requested but returned code action does not have a 'kind'. Code action will be dropped. Please set 'CodeAction.kind'.
[2020-11-25 20:02:36.251] [exthost] [warning] ms-vscode.cpptools - Code actions of kind 'quickfix 'requested but returned code action does not have a 'kind'. Code action will be dropped. Please set 'CodeAction.kind'.
[2020-11-25 20:02:36.251] [exthost] [warning] ms-vscode.cpptools - Code actions of kind 'quickfix 'requested but returned code action does not have a 'kind'. Code action will be dropped. Please set 'CodeAction.kind'.
[2020-11-25 20:03:09.006] [exthost] [error] [ms-vscode.cpptools] provider FAILED
[2020-11-25 20:03:09.006] [exthost] [error] undefined
[2020-11-25 20:03:20.493] [exthost] [error] [ms-vscode.cpptools] provider FAILED
[2020-11-25 20:03:20.493] [exthost] [error] undefined
[2020-11-25 20:03:23.140] [exthost] [error] [ms-vscode.cpptools] provider FAILED
[2020-11-25 20:03:23.141] [exthost] [error] undefined
[2020-11-25 20:03:29.369] [exthost] [error] [ms-vscode.cpptools] provider FAILED
[2020-11-25 20:03:29.369] [exthost] [error] undefined
[2020-11-25 20:03:35.051] [exthost] [error] [ms-vscode.cpptools] provider FAILED
[2020-11-25 20:03:35.051] [exthost] [error] undefined
[2020-11-25 20:03:40.612] [exthost] [error] [ms-vscode.cpptools] provider FAILED
[2020-11-25 20:03:40.612] [exthost] [error] undefined
[2020-11-25 20:03:43.704] [exthost] [error] [ms-vscode.cpptools] provider FAILED
[2020-11-25 20:03:43.704] [exthost] [error] undefined
[2020-11-25 20:03:55.155] [exthost] [error] [ms-vscode.cpptools] provider FAILED
[2020-11-25 20:03:55.155] [exthost] [error] undefined
[2020-11-25 20:04:01.936] [exthost] [error] [ms-vscode.cpptools] provider FAILED
[2020-11-25 20:04:01.936] [exthost] [error] undefined
[2020-11-25 20:04:12.016] [exthost] [error] [ms-vscode.cpptools] provider FAILED
[2020-11-25 20:04:12.017] [exthost] [error] undefined
[2020-11-25 20:04:15.571] [exthost] [error] [ms-vscode.cpptools] provider FAILED
[2020-11-25 20:04:15.571] [exthost] [error] undefined
[2020-11-25 20:04:32.256] [exthost] [error] [ms-vscode.cpptools] provider FAILED
[2020-11-25 20:04:32.256] [exthost] [error] undefined
[2020-11-25 20:04:42.640] [exthost] [error] [ms-vscode.cpptools] provider FAILED
[2020-11-25 20:04:42.640] [exthost] [error] undefined
[2020-11-25 20:04:47.536] [exthost] [error] [ms-vscode.cpptools] provider FAILED
[2020-11-25 20:04:47.536] [exthost] [error] undefined
[2020-11-25 20:05:02.359] [exthost] [error] [ms-vscode.cpptools] provider FAILED
[2020-11-25 20:05:02.359] [exthost] [error] undefined
[2020-11-25 20:05:07.744] [exthost] [error] [ms-vscode.cpptools] provider FAILED
[2020-11-25 20:05:07.744] [exthost] [error] undefined
[2020-11-25 20:05:11.967] [exthost] [warning] ms-vscode.cpptools - Code actions of kind 'quickfix 'requested but returned code action does not have a 'kind'. Code action will be dropped. Please set 'CodeAction.kind'.
[2020-11-25 20:05:11.968] [exthost] [warning] ms-vscode.cpptools - Code actions of kind 'quickfix 'requested but returned code action does not have a 'kind'. Code action will be dropped. Please set 'CodeAction.kind'.
[2020-11-25 20:05:45.921] [exthost] [error] [ms-vscode.cpptools] provider FAILED
[2020-11-25 20:05:45.921] [exthost] [error] undefined
[2020-11-25 20:05:59.460] [exthost] [error] [ms-vscode.cpptools] provider FAILED
[2020-11-25 20:05:59.460] [exthost] [error] undefined
[2020-11-25 20:06:04.003] [exthost] [error] [ms-vscode.cpptools] provider FAILED
[2020-11-25 20:06:04.003] [exthost] [error] undefined
[2020-11-25 20:06:08.064] [exthost] [error] [ms-vscode.cpptools] provider FAILED
[2020-11-25 20:06:08.064] [exthost] [error] undefined
[2020-11-25 20:06:29.278] [exthost] [error] [ms-vscode.cpptools] provider FAILED
[2020-11-25 20:06:29.278] [exthost] [error] undefined
[2020-11-25 20:06:33.365] [exthost] [error] [ms-vscode.cpptools] provider FAILED
[2020-11-25 20:06:33.365] [exthost] [error] undefined
[2020-11-25 20:06:43.830] [exthost] [error] [ms-vscode.cpptools] provider FAILED
[2020-11-25 20:06:43.830] [exthost] [error] undefined
[2020-11-25 20:07:17.542] [exthost] [error] [ms-vscode.cpptools] provider FAILED
[2020-11-25 20:07:17.542] [exthost] [error] undefined
[2020-11-25 20:07:22.879] [exthost] [warning] ms-vscode.cpptools - Code actions of kind 'quickfix 'requested but returned code action does not have a 'kind'. Code action will be dropped. Please set 'CodeAction.kind'.
[2020-11-25 20:07:22.879] [exthost] [warning] ms-vscode.cpptools - Code actions of kind 'quickfix 'requested but returned code action does not have a 'kind'. Code action will be dropped. Please set 'CodeAction.kind'.
[2020-11-25 20:07:39.210] [exthost] [error] [ms-vscode.cpptools] provider FAILED
[2020-11-25 20:07:39.210] [exthost] [error] undefined
[2020-11-25 20:11:49.127] [exthost] [info] ExtensionService#_doActivateExtension vscode.debug-server-ready {"startup":false,"extensionId":{"value":"vscode.debug-server-ready","_lower":"vscode.debug-server-ready"},"activationEvent":"onDebugResolve"}
[2020-11-25 20:11:49.129] [exthost] [info] ExtensionService#loadCommonJSModule file:///usr/share/code/resources/app/extensions/debug-server-ready/dist/extension
[2020-11-25 20:11:49.194] [exthost] [info] ExtensionService#_doActivateExtension ms-vscode.node-debug2 {"startup":false,"extensionId":{"value":"ms-vscode.node-debug","_lower":"ms-vscode.node-debug"},"activationEvent":"onDebugInitialConfigurations"}
[2020-11-25 20:11:49.194] [exthost] [info] ExtensionService#loadCommonJSModule file:///usr/share/code/resources/app/extensions/ms-vscode.node-debug2/out/src/extension
[2020-11-25 20:11:49.214] [exthost] [info] ExtensionService#_doActivateExtension ms-vscode.node-debug {"startup":false,"extensionId":{"value":"ms-vscode.node-debug","_lower":"ms-vscode.node-debug"},"activationEvent":"onDebugInitialConfigurations"}
[2020-11-25 20:11:49.215] [exthost] [info] ExtensionService#loadCommonJSModule file:///usr/share/code/resources/app/extensions/ms-vscode.node-debug/dist/extension.js
[2020-11-25 20:11:56.734] [exthost] [info] ExtensionService#_doActivateExtension vscode.configuration-editing {"startup":false,"extensionId":{"value":"vscode.configuration-editing","_lower":"vscode.configuration-editing"},"activationEvent":"onLanguage:jsonc"}
[2020-11-25 20:11:56.734] [exthost] [info] ExtensionService#loadCommonJSModule file:///usr/share/code/resources/app/extensions/configuration-editing/dist/configurationEditingMain
[2020-11-25 20:11:56.745] [exthost] [info] ExtensionService#_doActivateExtension vscode.json-language-features {"startup":false,"extensionId":{"value":"vscode.json-language-features","_lower":"vscode.json-language-features"},"activationEvent":"onLanguage:jsonc"}
[2020-11-25 20:11:56.745] [exthost] [info] ExtensionService#loadCommonJSModule file:///usr/share/code/resources/app/extensions/json-language-features/client/dist/node/jsonClientMain
[2020-11-25 20:11:56.797] [exthost] [info] ExtensionService#_doActivateExtension vscode.typescript-language-features {"startup":false,"extensionId":{"value":"vscode.typescript-language-features","_lower":"vscode.typescript-language-features"},"activationEvent":"onLanguage:jsonc"}
[2020-11-25 20:11:56.797] [exthost] [info] ExtensionService#loadCommonJSModule file:///usr/share/code/resources/app/extensions/typescript-language-features/dist/extension
[2020-11-25 20:12:19.608] [exthost] [info] ExtensionService#_doActivateExtension vscode.grunt {"startup":false,"extensionId":{"value":"vscode.grunt","_lower":"vscode.grunt"},"activationEvent":"onCommand:workbench.action.tasks.runTask"}
[2020-11-25 20:12:19.609] [exthost] [info] ExtensionService#loadCommonJSModule file:///usr/share/code/resources/app/extensions/grunt/dist/main
[2020-11-25 20:12:19.622] [exthost] [info] ExtensionService#_doActivateExtension vscode.gulp {"startup":false,"extensionId":{"value":"vscode.gulp","_lower":"vscode.gulp"},"activationEvent":"onCommand:workbench.action.tasks.runTask"}
[2020-11-25 20:12:19.622] [exthost] [info] ExtensionService#loadCommonJSModule file:///usr/share/code/resources/app/extensions/gulp/dist/main
[2020-11-25 20:12:19.627] [exthost] [info] ExtensionService#_doActivateExtension vscode.jake {"startup":false,"extensionId":{"value":"vscode.jake","_lower":"vscode.jake"},"activationEvent":"onCommand:workbench.action.tasks.runTask"}
[2020-11-25 20:12:19.627] [exthost] [info] ExtensionService#loadCommonJSModule file:///usr/share/code/resources/app/extensions/jake/dist/main
[2020-11-25 20:12:19.631] [exthost] [info] ExtensionService#_doActivateExtension vscode.npm {"startup":false,"extensionId":{"value":"vscode.npm","_lower":"vscode.npm"},"activationEvent":"onCommand:workbench.action.tasks.runTask"}
[2020-11-25 20:12:19.631] [exthost] [info] ExtensionService#loadCommonJSModule file:///usr/share/code/resources/app/extensions/npm/dist/npmMain
[2020-11-25 20:12:52.318] [exthost] [error] [ms-vscode.cpptools] provider FAILED
[2020-11-25 20:12:52.318] [exthost] [error] undefined
[2020-11-25 20:12:55.908] [exthost] [error] [ms-vscode.cpptools] provider FAILED
[2020-11-25 20:12:55.909] [exthost] [error] undefined
[2020-11-25 20:13:04.362] [exthost] [error] [ms-vscode.cpptools] provider FAILED
[2020-11-25 20:13:04.362] [exthost] [error] undefined
[2020-11-25 20:13:26.298] [exthost] [error] [ms-vscode.cpptools] provider FAILED
[2020-11-25 20:13:26.298] [exthost] [error] undefined
[2020-11-25 20:13:32.341] [exthost] [error] [ms-vscode.cpptools] provider FAILED
[2020-11-25 20:13:32.341] [exthost] [error] undefined
[2020-11-25 20:14:06.119] [exthost] [error] [ms-vscode.cpptools] provider FAILED
[2020-11-25 20:14:06.119] [exthost] [error] undefined
[2020-11-25 20:14:10.348] [exthost] [error] [ms-vscode.cpptools] provider FAILED
[2020-11-25 20:14:10.348] [exthost] [error] undefined
[2020-11-25 20:14:25.193] [exthost] [error] [ms-vscode.cpptools] provider FAILED
[2020-11-25 20:14:25.193] [exthost] [error] undefined
[2020-11-25 20:14:29.788] [exthost] [error] [ms-vscode.cpptools] provider FAILED
[2020-11-25 20:14:29.788] [exthost] [error] undefined
[2020-11-25 20:21:31.819] [exthost] [error] [ms-vscode.cpptools] provider FAILED
[2020-11-25 20:21:31.819] [exthost] [error] undefined
[2020-11-25 20:21:35.725] [exthost] [error] [ms-vscode.cpptools] provider FAILED
[2020-11-25 20:21:35.725] [exthost] [error] undefined
[2020-11-25 20:21:40.264] [exthost] [error] [ms-vscode.cpptools] provider FAILED
[2020-11-25 20:21:40.264] [exthost] [error] undefined
[2020-11-25 20:22:11.801] [exthost] [error] [ms-vscode.cpptools] provider FAILED
[2020-11-25 20:22:11.801] [exthost] [error] undefined
[2020-11-25 20:22:24.324] [exthost] [warning] ms-vscode.cpptools - Code actions of kind 'quickfix 'requested but returned code action does not have a 'kind'. Code action will be dropped. Please set 'CodeAction.kind'.
[2020-11-25 20:23:34.437] [exthost] [error] [ms-vscode.cpptools] provider FAILED
[2020-11-25 20:23:34.437] [exthost] [error] undefined
[2020-11-25 20:23:39.028] [exthost] [warning] ms-vscode.cpptools - Code actions of kind 'quickfix 'requested but returned code action does not have a 'kind'. Code action will be dropped. Please set 'CodeAction.kind'.
[2020-11-25 20:24:06.072] [exthost] [error] [ms-vscode.cpptools] provider FAILED
[2020-11-25 20:24:06.072] [exthost] [error] undefined
[2020-11-25 20:24:13.009] [exthost] [error] [ms-vscode.cpptools] provider FAILED
[2020-11-25 20:24:13.010] [exthost] [error] undefined
[2020-11-25 20:24:16.959] [exthost] [error] [ms-vscode.cpptools] provider FAILED
[2020-11-25 20:24:16.959] [exthost] [error] undefined
[2020-11-25 20:24:21.902] [exthost] [error] [ms-vscode.cpptools] provider FAILED
[2020-11-25 20:24:21.902] [exthost] [error] undefined
[2020-11-25 20:24:36.275] [exthost] [error] [ms-vscode.cpptools] provider FAILED
[2020-11-25 20:24:36.275] [exthost] [error] undefined
[2020-11-25 20:24:42.304] [exthost] [warning] ms-vscode.cpptools - Code actions of kind 'quickfix 'requested but returned code action does not have a 'kind'. Code action will be dropped. Please set 'CodeAction.kind'.
[2020-11-25 20:24:50.941] [exthost] [error] [ms-vscode.cpptools] provider FAILED
[2020-11-25 20:24:50.941] [exthost] [error] undefined
[2020-11-25 20:25:06.171] [exthost] [error] [ms-vscode.cpptools] provider FAILED
[2020-11-25 20:25:06.171] [exthost] [error] undefined
[2020-11-25 20:25:15.044] [exthost] [error] [ms-vscode.cpptools] provider FAILED
[2020-11-25 20:25:15.044] [exthost] [error] undefined
[2020-11-25 20:25:21.712] [exthost] [error] [ms-vscode.cpptools] provider FAILED
[2020-11-25 20:25:21.712] [exthost] [error] undefined
[2020-11-25 20:25:31.300] [exthost] [warning] ms-vscode.cpptools - Code actions of kind 'quickfix 'requested but returned code action does not have a 'kind'. Code action will be dropped. Please set 'CodeAction.kind'.
[2020-11-25 20:26:30.874] [exthost] [error] [ms-vscode.cpptools] provider FAILED
[2020-11-25 20:26:30.874] [exthost] [error] undefined
[2020-11-25 20:30:51.794] [exthost] [error] [ms-vscode.cpptools] provider FAILED
[2020-11-25 20:30:51.794] [exthost] [error] undefined
[2020-11-25 20:32:15.796] [exthost] [warning] ms-vscode.cpptools - Code actions of kind 'quickfix 'requested but returned code action does not have a 'kind'. Code action will be dropped. Please set 'CodeAction.kind'.
[2020-11-25 20:33:03.765] [exthost] [warning] ms-vscode.cpptools - Code actions of kind 'quickfix 'requested but returned code action does not have a 'kind'. Code action will be dropped. Please set 'CodeAction.kind'.
[2020-11-25 20:33:29.061] [exthost] [warning] ms-vscode.cpptools - Code actions of kind 'quickfix 'requested but returned code action does not have a 'kind'. Code action will be dropped. Please set 'CodeAction.kind'.
[2020-11-25 20:33:33.231] [exthost] [warning] ms-vscode.cpptools - Code actions of kind 'quickfix 'requested but returned code action does not have a 'kind'. Code action will be dropped. Please set 'CodeAction.kind'.
